<?xml version="1.0" encoding="UTF-8"?>
<testng-results ignored="0" total="2" passed="2" failed="0" skipped="0">
  <reporter-output>
  </reporter-output>
  <suite started-at="2025-11-03T08:05:12 IST" name="Surefire suite" finished-at="2025-11-03T08:05:30 IST" duration-ms="18556">
    <groups>
    </groups>
    <test started-at="2025-11-03T08:05:12 IST" name="Surefire test" finished-at="2025-11-03T08:05:30 IST" duration-ms="18556">
      <class name="org.example.DemoTest">
        <test-method is-config="true" signature="setup()[pri:0, instance:org.example.DemoTest@63021689]" started-at="2025-11-03T08:05:12 IST" name="setup" finished-at="2025-11-03T08:05:16 IST" duration-ms="4722" status="PASS">
          <reporter-output>
          </reporter-output>
        </test-method> <!-- setup -->
        <test-method signature="FlightTest(java.util.HashMap)[pri:0, instance:org.example.DemoTest@63021689]" started-at="2025-11-03T08:05:17 IST" name="FlightTest" data-provider="getData" finished-at="2025-11-03T08:05:24 IST" duration-ms="6368" status="PASS">
          <params>
            <param index="0">
              <value>
                <![CDATA[{Origin=MAA, Destination=HYD, Destination1=STV}]]>
              </value>
            </param>
          </params>
          <reporter-output>
          </reporter-output>
        </test-method> <!-- FlightTest -->
        <test-method signature="FlightTest(java.util.HashMap)[pri:0, instance:org.example.DemoTest@63021689]" started-at="2025-11-03T08:05:24 IST" name="FlightTest" data-provider="getData" finished-at="2025-11-03T08:05:30 IST" duration-ms="5900" status="PASS">
          <params>
            <param index="0">
              <value>
                <![CDATA[{Origin=DEL, Destination=MAA, Destination1=HYD}]]>
              </value>
            </param>
          </params>
          <reporter-output>
          </reporter-output>
        </test-method> <!-- FlightTest -->
        <test-method is-config="true" signature="teardown()[pri:0, instance:org.example.DemoTest@63021689]" started-at="2025-11-03T08:05:30 IST" name="teardown" finished-at="2025-11-03T08:05:30 IST" duration-ms="540" status="PASS">
          <reporter-output>
          </reporter-output>
        </test-method> <!-- teardown -->
      </class> <!-- org.example.DemoTest -->
    </test> <!-- Surefire test -->
  </suite> <!-- Surefire suite -->
</testng-results>
